[21:49:54] [main/INFO] (FabricLoader/GameProvider) Loading Minecraft 1.20.1 with Fabric Loader 0.14.22
[21:49:54] [main/INFO] (FabricLoader) Loading 67 mods:
	- applewood 1.2.13
	- architectury 9.1.12
	- cloth-basic-math 0.6.1
	- cloth-config 11.0.99
	- com_github_llamalad7_mixinextras 0.2.0-beta.5
	- doapi 1.2.11
	- error_notifier 1.0.9
	- fabric-api 0.88.1+1.20.1
	- fabric-api-base 0.4.30+7abfd51577
	- fabric-api-lookup-api-v1 1.6.35+4d8536c977
	- fabric-biome-api-v1 13.0.10+b3afc78b77
	- fabric-block-api-v1 1.0.10+92a0d36777
	- fabric-block-view-api-v2 1.0.0+92a0d36777
	- fabric-blockrenderlayer-v1 1.1.40+b3afc78b77
	- fabric-client-tags-api-v1 1.1.1+97bb207577
	- fabric-command-api-v1 1.2.33+f71b366f77
	- fabric-command-api-v2 2.2.12+b3afc78b77
	- fabric-commands-v0 0.2.50+df3654b377
	- fabric-containers-v0 0.1.63+df3654b377
	- fabric-content-registries-v0 4.0.9+b3afc78b77
	- fabric-convention-tags-v1 1.5.4+a1a980da77
	- fabric-crash-report-info-v1 0.2.18+aeb40ebe77
	- fabric-data-generation-api-v1 12.2.2+1e61dba177
	- fabric-dimensions-v1 2.1.53+8536527b77
	- fabric-entity-events-v1 1.5.22+b3afc78b77
	- fabric-events-interaction-v0 0.6.1+e91849a877
	- fabric-events-lifecycle-v0 0.2.62+df3654b377
	- fabric-game-rule-api-v1 1.0.38+b04edc7a77
	- fabric-gametest-api-v1 1.2.12+b3afc78b77
	- fabric-item-api-v1 2.1.27+b3afc78b77
	- fabric-item-group-api-v1 4.0.10+23d9108177
	- fabric-key-binding-api-v1 1.0.36+fb8d95da77
	- fabric-keybindings-v0 0.2.34+df3654b377
	- fabric-lifecycle-events-v1 2.2.21+b3afc78b77
	- fabric-loot-api-v2 1.1.39+b3afc78b77
	- fabric-loot-tables-v1 1.1.43+9e7660c677
	- fabric-message-api-v1 5.1.7+3265161977
	- fabric-mining-level-api-v1 2.1.49+b3afc78b77
	- fabric-model-loading-api-v1 1.0.2+709a987177
	- fabric-models-v0 0.4.1+9386d8a777
	- fabric-networking-api-v1 1.3.10+eeb8eb3677
	- fabric-networking-v0 0.3.50+df3654b377
	- fabric-object-builder-api-v1 11.1.1+6beca84877
	- fabric-particles-v1 1.1.1+201a23a077
	- fabric-recipe-api-v1 1.0.20+b3afc78b77
	- fabric-registry-sync-v0 2.3.2+4df89eb277
	- fabric-renderer-api-v1 3.1.3+92a0d36777
	- fabric-renderer-indigo 1.4.3+6bdb2ed077
	- fabric-renderer-registries-v1 3.2.45+df3654b377
	- fabric-rendering-data-attachment-v1 0.3.36+92a0d36777
	- fabric-rendering-fluids-v1 3.0.27+b3afc78b77
	- fabric-rendering-v0 1.1.48+df3654b377
	- fabric-rendering-v1 3.0.7+b3afc78b77
	- fabric-resource-conditions-api-v1 2.3.5+ea08f9d877
	- fabric-resource-loader-v0 0.11.9+132c48c177
	- fabric-screen-api-v1 2.0.7+b3afc78b77
	- fabric-screen-handler-api-v1 1.3.29+b3afc78b77
	- fabric-sound-api-v1 1.0.12+b3afc78b77
	- fabric-transfer-api-v1 3.3.1+195226a777
	- fabric-transitive-access-wideners-v1 4.3.0+6c31357e77
	- fabricloader 0.14.22
	- generated_16a1d32 1.0.0
	- java 18
	- minecraft 1.20.1
	- roughlyenoughitems 12.0.652
	- terraform-wood-api-v1 7.0.1
	- vinery 1.4.22
[21:49:54] [main/INFO] (FabricLoader/Mixin) SpongePowered MIXIN Subsystem Version=0.8.5 Source=file:/Users/marco/.gradle/caches/modules-2/files-2.1/net.fabricmc/sponge-mixin/0.12.5+mixin.0.8.5/8d31fb97c3e0cd7c8dad3441851c523bcfae6d8e/sponge-mixin-0.12.5+mixin.0.8.5.jar Service=Knot/Fabric Env=CLIENT
[21:49:54] [main/INFO] (FabricLoader/Mixin) Loaded Fabric development mappings for mixin remapper!
[21:49:54] [main/INFO] (FabricLoader/Mixin) Compatibility level set to JAVA_16
[21:49:54] [main/INFO] (FabricLoader/Mixin) Compatibility level set to JAVA_17
[21:50:00] [Datafixer Bootstrap/INFO] (Minecraft) 188 Datafixer optimizations took 70 milliseconds
[21:50:01] [Render thread/INFO] (Minecraft) Environment: authHost='https://authserver.mojang.com', accountsHost='https://api.mojang.com', sessionHost='https://sessionserver.mojang.com', servicesHost='https://api.minecraftservices.com', name='PROD'
[21:50:01] [Render thread/ERROR] (Minecraft) Failed to verify authentication
com.mojang.authlib.exceptions.InvalidCredentialsException: Status: 401
	at com.mojang.authlib.exceptions.MinecraftClientHttpException.toAuthenticationException(MinecraftClientHttpException.java:56) ~[authlib-4.0.43.jar:?]
	at com.mojang.authlib.yggdrasil.YggdrasilUserApiService.fetchProperties(YggdrasilUserApiService.java:156) ~[authlib-4.0.43.jar:?]
	at com.mojang.authlib.yggdrasil.YggdrasilUserApiService.<init>(YggdrasilUserApiService.java:55) ~[authlib-4.0.43.jar:?]
	at com.mojang.authlib.yggdrasil.YggdrasilAuthenticationService.createUserApiService(YggdrasilAuthenticationService.java:124) ~[authlib-4.0.43.jar:?]
	at net.minecraft.client.Minecraft.createUserApiService(Minecraft.java:733) ~[minecraft-merged-879684e547-1.20.1-loom.mappings.1_20_1.layered+hash.40359-v2.jar:?]
	at net.minecraft.client.Minecraft.<init>(Minecraft.java:442) ~[minecraft-merged-879684e547-1.20.1-loom.mappings.1_20_1.layered+hash.40359-v2.jar:?]
	at net.minecraft.client.main.Main.main(Main.java:211) ~[minecraft-merged-879684e547-1.20.1-loom.mappings.1_20_1.layered+hash.40359-v2.jar:?]
	at net.fabricmc.loader.impl.game.minecraft.MinecraftGameProvider.launch(MinecraftGameProvider.java:468) ~[fabric-loader-0.14.22.jar:?]
	at net.fabricmc.loader.impl.launch.knot.Knot.launch(Knot.java:74) ~[fabric-loader-0.14.22.jar:?]
	at net.fabricmc.loader.impl.launch.knot.KnotClient.main(KnotClient.java:23) ~[fabric-loader-0.14.22.jar:?]
	at net.fabricmc.devlaunchinjector.Main.main(Main.java:86) ~[dev-launch-injector-0.2.1+build.8.jar:?]
	at dev.architectury.transformer.TransformerRuntime.main(TransformerRuntime.java:219) ~[architectury-transformer-5.2.83-runtime.jar:?]
Caused by: com.mojang.authlib.exceptions.MinecraftClientHttpException: Status: 401
	at com.mojang.authlib.minecraft.client.MinecraftClient.readInputStream(MinecraftClient.java:85) ~[authlib-4.0.43.jar:?]
	at com.mojang.authlib.minecraft.client.MinecraftClient.get(MinecraftClient.java:48) ~[authlib-4.0.43.jar:?]
	at com.mojang.authlib.yggdrasil.YggdrasilUserApiService.fetchProperties(YggdrasilUserApiService.java:129) ~[authlib-4.0.43.jar:?]
	... 10 more
[21:50:01] [Render thread/INFO] (Minecraft) Setting user: Player773
[21:50:01] [Render thread/INFO] (REI) [REI] Config loaded
[21:50:01] [Render thread/INFO] (NetworkManagerImpl) Registering S2C receiver with id roughlyenoughitems:request_tags_s2c
[21:50:01] [Render thread/INFO] (NetworkManagerImpl) Registering C2S receiver with id roughlyenoughitems:request_tags_c2s
[21:50:01] [Render thread/INFO] (REI) [REI] Registered plugin provider DefaultPlugin [roughlyenoughitems] for REIPlugin
[21:50:01] [Render thread/INFO] (REI) [REI] Registered plugin provider DefaultRuntimePlugin [roughlyenoughitems] for REIPlugin
[21:50:01] [Render thread/INFO] (REI) [REI] Registered plugin provider DefaultClientPlugin [roughlyenoughitems] for REIPlugin
[21:50:01] [Render thread/INFO] (REI) [REI] Registered plugin provider DefaultClientRuntimePlugin [roughlyenoughitems] for REIPlugin
[21:50:01] [Render thread/INFO] (REI) [REI] Registered plugin provider HideIngredientsFromTagsPlugin [roughlyenoughitems] for REIPlugin
[21:50:01] [Render thread/INFO] (REI) [REI] Registered plugin provider VineryReiClientPluginFabric [vinery] for REIPlugin
[21:50:01] [Render thread/INFO] (REI) [REI] Registered plugin provider DefaultPlugin [roughlyenoughitems] for REIServerPlugin
[21:50:01] [Render thread/INFO] (REI) [REI] Registered plugin provider DefaultRuntimePlugin [roughlyenoughitems] for REIServerPlugin
[21:50:01] [Render thread/INFO] (REI) [REI] Registered plugin provider FabricFluidAPISupportPlugin for REIServerPlugin
[21:50:01] [Render thread/INFO] (REI) [REI] Registered plugin provider FabricFluidAPISupportPlugin for REIPlugin
[21:50:01] [Render thread/INFO] (NetworkManagerImpl) Registering C2S receiver with id roughlyenoughitems:delete_item
[21:50:01] [Render thread/INFO] (NetworkManagerImpl) Registering C2S receiver with id roughlyenoughitems:create_item
[21:50:01] [Render thread/INFO] (NetworkManagerImpl) Registering C2S receiver with id roughlyenoughitems:create_item_grab
[21:50:01] [Render thread/INFO] (NetworkManagerImpl) Registering C2S receiver with id roughlyenoughitems:create_item_hotbar
[21:50:01] [Render thread/INFO] (NetworkManagerImpl) Registering C2S receiver with id roughlyenoughitems:move_items
[21:50:01] [Render thread/INFO] (NetworkManagerImpl) Registering C2S receiver with id roughlyenoughitems:move_items_new
[21:50:01] [Render thread/ERROR] (Minecraft) No data fixer registered for vinery:mule
[21:50:01] [Render thread/ERROR] (Minecraft) No data fixer registered for vinery:wandering_winemaker
[21:50:02] [Render thread/ERROR] (Minecraft) No data fixer registered for doapi:chair
[21:50:02] [Render thread/INFO] (REI) [REI] Registered plugin provider DefaultClientPlugin [roughlyenoughitems] for REIClientPlugin
[21:50:02] [Render thread/INFO] (REI) [REI] Registered plugin provider DefaultClientRuntimePlugin [roughlyenoughitems] for REIClientPlugin
[21:50:02] [Render thread/INFO] (REI) [REI] Registered plugin provider HideIngredientsFromTagsPlugin [roughlyenoughitems] for REIClientPlugin
[21:50:02] [Render thread/INFO] (REI) [REI] Registered plugin provider VineryReiClientPluginFabric [vinery] for REIClientPlugin
[21:50:02] [Render thread/INFO] (NetworkManagerImpl) Registering S2C receiver with id roughlyenoughitems:ci_msg
[21:50:02] [Render thread/INFO] (NetworkManagerImpl) Registering S2C receiver with id roughlyenoughitems:og_not_enough
[21:50:02] [Render thread/INFO] (vinery) Resource provider initialized, side is CLIENT
[21:50:02] [Render thread/INFO] (vinery) Resource provider initialized, side is CLIENT
[21:50:02] [Render thread/INFO] (NetworkManagerImpl) Registering S2C receiver with id vinery:shader
[21:50:02] [Render thread/INFO] (Indigo) [Indigo] Registering Indigo renderer!
[21:50:02] [Render thread/INFO] (NetworkManagerImpl) Registering S2C receiver with id architectury:spawn_entity_packet
[21:50:02] [Render thread/INFO] (Minecraft) Backend library: LWJGL version 3.3.1 SNAPSHOT
[21:50:03] [Render thread/INFO] (Minecraft) Reloading ResourceManager: vanilla, fabric (fabric-models-v0, roughlyenoughitems, fabric-commands-v0, fabricloader, fabric-transfer-api-v1, fabric-screen-api-v1, fabric-biome-api-v1, fabric-game-rule-api-v1, fabric-model-loading-api-v1, fabric-convention-tags-v1, fabric-particles-v1, fabric-item-api-v1, fabric-containers-v0, fabric-blockrenderlayer-v1, fabric-sound-api-v1, fabric-renderer-registries-v1, fabric-mining-level-api-v1, fabric-item-group-api-v1, fabric-networking-api-v1, fabric-data-generation-api-v1, fabric-gametest-api-v1, fabric-rendering-v0, fabric-rendering-data-attachment-v1, fabric-resource-loader-v0, fabric-dimensions-v1, fabric-api-base, fabric-key-binding-api-v1, fabric-block-api-v1, terraform-wood-api-v1, vinery, fabric-crash-report-info-v1, fabric-rendering-fluids-v1, fabric-command-api-v1, fabric-recipe-api-v1, fabric-entity-events-v1, fabric-renderer-api-v1, fabric-renderer-indigo, fabric-transitive-access-wideners-v1, fabric-lifecycle-events-v1, fabric-networking-v0, fabric-events-lifecycle-v0, fabric-object-builder-api-v1, doapi, fabric-rendering-v1, fabric-registry-sync-v0, fabric-client-tags-api-v1, fabric-events-interaction-v0, fabric-message-api-v1, fabric-content-registries-v0, fabric-block-view-api-v2, fabric-keybindings-v0, fabric-api-lookup-api-v1, generated_16a1d32, fabric-screen-handler-api-v1, fabric-loot-tables-v1, cloth-config, fabric-loot-api-v2, fabric-api, fabric-resource-conditions-api-v1, fabric-command-api-v2)
[21:50:03] [Worker-Main-5/INFO] (Minecraft) Found unifont_all_no_pua-15.0.06.hex, loading
[21:50:03] [Realms Notification Availability checker #1/INFO] (Minecraft) Could not authorize you against Realms server: Invalid session id
[21:50:08] [Render thread/WARN] (Minecraft) Missing sound for event: minecraft:item.goat_horn.play
[21:50:08] [Render thread/WARN] (Minecraft) Missing sound for event: minecraft:entity.goat.screaming.horn_break
[21:50:08] [Render thread/INFO] (Minecraft) OpenAL initialized on device CoreAudio Default
[21:50:08] [Render thread/INFO] (Minecraft) Sound engine started
[21:50:08] [Render thread/INFO] (Minecraft) Created: 1024x1024x4 minecraft:textures/atlas/blocks.png-atlas
[21:50:08] [Render thread/INFO] (Minecraft) Created: 256x256x4 minecraft:textures/atlas/signs.png-atlas
[21:50:08] [Render thread/INFO] (Minecraft) Created: 512x512x4 minecraft:textures/atlas/shield_patterns.png-atlas
[21:50:08] [Render thread/INFO] (Minecraft) Created: 512x512x4 minecraft:textures/atlas/banner_patterns.png-atlas
[21:50:08] [Render thread/INFO] (Minecraft) Created: 1024x1024x4 minecraft:textures/atlas/armor_trims.png-atlas
[21:50:08] [Render thread/INFO] (Minecraft) Created: 128x64x4 minecraft:textures/atlas/decorated_pot.png-atlas
[21:50:08] [Render thread/INFO] (Minecraft) Created: 256x256x4 minecraft:textures/atlas/chest.png-atlas
[21:50:08] [Render thread/INFO] (Minecraft) Created: 512x256x4 minecraft:textures/atlas/shulker_boxes.png-atlas
[21:50:08] [Render thread/INFO] (Minecraft) Created: 512x256x4 minecraft:textures/atlas/beds.png-atlas
[21:50:08] [Render thread/WARN] (Minecraft) Shader rendertype_entity_translucent_emissive could not find sampler named Sampler2 in the specified shader program.
[21:50:08] [Render thread/INFO] (Minecraft) Created: 256x256x0 minecraft:textures/atlas/particles.png-atlas
[21:50:08] [Render thread/INFO] (Minecraft) Created: 256x256x0 minecraft:textures/atlas/paintings.png-atlas
[21:50:08] [Render thread/INFO] (Minecraft) Created: 256x128x0 minecraft:textures/atlas/mob_effects.png-atlas
[21:50:13] [Render thread/INFO] (FabricRegistrySync) [fabric-registry-sync] Loaded registry data [file 1/4]
[21:50:14] [Render thread/INFO] (Minecraft) Loaded 9 recipes
[21:50:14] [Render thread/INFO] (Minecraft) Loaded 1339 advancements
[21:50:14] [Render thread/INFO] (BiomeModificationImpl) Applied 76 biome modifications to 28 of 64 new biomes in 5.841 ms
[21:50:14] [Server thread/INFO] (Minecraft) Starting integrated minecraft server version 1.20.1
[21:50:14] [Server thread/INFO] (Minecraft) Generating keypair
[21:50:16] [Server thread/INFO] (Minecraft) Preparing start region for dimension minecraft:overworld
[21:50:18] [Render thread/INFO] (Minecraft) Preparing spawn area: 0%
[21:50:18] [Render thread/INFO] (Minecraft) Preparing spawn area: 0%
[21:50:18] [Render thread/INFO] (Minecraft) Preparing spawn area: 0%
[21:50:18] [Render thread/INFO] (Minecraft) Preparing spawn area: 0%
[21:50:18] [Render thread/INFO] (Minecraft) Preparing spawn area: 26%
[21:50:19] [Render thread/INFO] (Minecraft) Time elapsed: 2287 ms
[21:50:19] [Server thread/INFO] (Minecraft) Changing view distance to 12, from 10
[21:50:19] [Server thread/INFO] (Minecraft) Changing simulation distance to 12, from 0
[21:50:19] [Server thread/INFO] (Minecraft) Player773[local:E:ef51b2c8] logged in with entity id 79 at (-115.83263081071, 80.54362281814748, -386.2347032640938)
[21:50:19] [Server thread/INFO] (Minecraft) Player773 joined the game
[21:50:19] [Server thread/INFO] (Minecraft) Player773 has made the advancement [Wild Grapes]
[21:50:19] [REI-ReloadPlugins/INFO] (REI) [REI] ****************************************
[21:50:19] [REI-ReloadPlugins/INFO] (REI) [REI] REIPlugin starting main-reload for START.
[21:50:19] [REI-ReloadPlugins/INFO] (REI) [REI] Plugins (7):
[21:50:19] [REI-ReloadPlugins/INFO] (REI) [REI]  - (-100.00) DefaultClientPlugin of DefaultClientPlugin [roughlyenoughitems]
[21:50:19] [REI-ReloadPlugins/INFO] (REI) [REI]  - (-100.00) DefaultPlugin of DefaultPlugin [roughlyenoughitems]
[21:50:19] [REI-ReloadPlugins/INFO] (REI) [REI]  - (0.00) FabricFluidAPISupportPlugin
[21:50:19] [REI-ReloadPlugins/INFO] (REI) [REI]  - (0.00) VineryReiClientPluginFabric of VineryReiClientPluginFabric [vinery]
[21:50:19] [REI-ReloadPlugins/INFO] (REI) [REI]  - (0.00) HideIngredientsFromTagsPlugin of HideIngredientsFromTagsPlugin [roughlyenoughitems]
[21:50:19] [REI-ReloadPlugins/INFO] (REI) [REI]  - (0.00) DefaultClientRuntimePlugin of DefaultClientRuntimePlugin [roughlyenoughitems]
[21:50:19] [REI-ReloadPlugins/INFO] (REI) [REI]  - (0.00) DefaultRuntimePlugin of DefaultRuntimePlugin [roughlyenoughitems]
[21:50:19] [REI-ReloadPlugins/INFO] (REI) [REI] ****************************************
[21:50:19] [REI-ReloadPlugins/INFO] (REI) [REI] ++++++++++++++++++++++++++++++++++++++++
[21:50:19] [REI-ReloadPlugins/INFO] (REI) [REI] REIClientPlugin starting main-reload for START.
[21:50:19] [REI-ReloadPlugins/INFO] (REI) [REI] Plugins (4):
[21:50:19] [REI-ReloadPlugins/INFO] (REI) [REI]  - (-100.00) DefaultClientPlugin of DefaultClientPlugin [roughlyenoughitems]
[21:50:19] [REI-ReloadPlugins/INFO] (REI) [REI]  - (0.00) VineryReiClientPluginFabric of VineryReiClientPluginFabric [vinery]
[21:50:19] [REI-ReloadPlugins/INFO] (REI) [REI]  - (0.00) HideIngredientsFromTagsPlugin of HideIngredientsFromTagsPlugin [roughlyenoughitems]
[21:50:19] [REI-ReloadPlugins/INFO] (REI) [REI]  - (0.00) DefaultClientRuntimePlugin of DefaultClientRuntimePlugin [roughlyenoughitems]
[21:50:19] [REI-ReloadPlugins/INFO] (REI) [REI] ++++++++++++++++++++++++++++++++++++++++
[21:50:19] [Render thread/INFO] (Minecraft) [System] [CHAT] Player773 has made the advancement [Wild Grapes]
[21:50:19] [Render thread/INFO] (Minecraft) Loaded 10 advancements
[21:50:19] [REI-ReloadPlugins/INFO] (REI) [REI] ++++++++++++++++++++++++++++++++++++++++
[21:50:19] [REI-ReloadPlugins/INFO] (REI) [REI] REIServerPlugin starting main-reload for START.
[21:50:19] [REI-ReloadPlugins/INFO] (REI) [REI] Plugins (3):
[21:50:19] [REI-ReloadPlugins/INFO] (REI) [REI]  - (-100.00) DefaultPlugin of DefaultPlugin [roughlyenoughitems]
[21:50:19] [REI-ReloadPlugins/INFO] (REI) [REI]  - (0.00) FabricFluidAPISupportPlugin
[21:50:19] [REI-ReloadPlugins/INFO] (REI) [REI]  - (0.00) DefaultRuntimePlugin of DefaultRuntimePlugin [roughlyenoughitems]
[21:50:19] [REI-ReloadPlugins/INFO] (REI) [REI] ++++++++++++++++++++++++++++++++++++++++
[21:50:19] [REI-ReloadPlugins/INFO] (REI) [REI] REIPlugin finished post-reload for START in 971.7 μs, totaling 26.19 ms.
[21:50:19] [REI-ReloadPlugins/INFO] (REI) [REI] REIClientPlugin finished post-reload for START in 893.2 μs, totaling 348.8 ms.
[21:50:19] [REI-ReloadPlugins/INFO] (REI) [REI] REIServerPlugin finished post-reload for START in 211.4 μs, totaling 1.671 ms.
[21:50:19] [REI-ReloadPlugins/INFO] (REI) [REI] OOOOOOOOOOOOOOOOOOOOOOOOOOOOOOOOOOOOOOOO
[21:50:19] [REI-ReloadPlugins/INFO] (REI) [REI] REIPlugin starting main-reload for END.
[21:50:19] [REI-ReloadPlugins/INFO] (REI) [REI] Plugins (7):
[21:50:19] [REI-ReloadPlugins/INFO] (REI) [REI]  - (-100.00) DefaultClientPlugin of DefaultClientPlugin [roughlyenoughitems]
[21:50:19] [REI-ReloadPlugins/INFO] (REI) [REI]  - (-100.00) DefaultPlugin of DefaultPlugin [roughlyenoughitems]
[21:50:19] [REI-ReloadPlugins/INFO] (REI) [REI]  - (0.00) FabricFluidAPISupportPlugin
[21:50:19] [REI-ReloadPlugins/INFO] (REI) [REI]  - (0.00) VineryReiClientPluginFabric of VineryReiClientPluginFabric [vinery]
[21:50:19] [REI-ReloadPlugins/INFO] (REI) [REI]  - (0.00) HideIngredientsFromTagsPlugin of HideIngredientsFromTagsPlugin [roughlyenoughitems]
[21:50:19] [REI-ReloadPlugins/INFO] (REI) [REI]  - (0.00) DefaultClientRuntimePlugin of DefaultClientRuntimePlugin [roughlyenoughitems]
[21:50:19] [REI-ReloadPlugins/INFO] (REI) [REI]  - (0.00) DefaultRuntimePlugin of DefaultRuntimePlugin [roughlyenoughitems]
[21:50:19] [REI-ReloadPlugins/INFO] (REI) [REI] OOOOOOOOOOOOOOOOOOOOOOOOOOOOOOOOOOOOOOOO
[21:50:19] [REI-ReloadPlugins/INFO] (REI) [REI] ++++++++++++++++++++++++++++++++++++++++
[21:50:19] [REI-ReloadPlugins/INFO] (REI) [REI] REIClientPlugin starting main-reload for END.
[21:50:19] [REI-ReloadPlugins/INFO] (REI) [REI] Plugins (4):
[21:50:19] [REI-ReloadPlugins/INFO] (REI) [REI]  - (-100.00) DefaultClientPlugin of DefaultClientPlugin [roughlyenoughitems]
[21:50:19] [REI-ReloadPlugins/INFO] (REI) [REI]  - (0.00) VineryReiClientPluginFabric of VineryReiClientPluginFabric [vinery]
[21:50:19] [REI-ReloadPlugins/INFO] (REI) [REI]  - (0.00) HideIngredientsFromTagsPlugin of HideIngredientsFromTagsPlugin [roughlyenoughitems]
[21:50:19] [REI-ReloadPlugins/INFO] (REI) [REI]  - (0.00) DefaultClientRuntimePlugin of DefaultClientRuntimePlugin [roughlyenoughitems]
[21:50:19] [REI-ReloadPlugins/INFO] (REI) [REI] ++++++++++++++++++++++++++++++++++++++++
[21:50:20] [REI-ReloadPlugins/INFO] (REI) [REI] ****************************************
[21:50:20] [REI-ReloadPlugins/INFO] (REI) [REI] REIServerPlugin starting main-reload for END.
[21:50:20] [REI-ReloadPlugins/INFO] (REI) [REI] Plugins (3):
[21:50:20] [REI-ReloadPlugins/INFO] (REI) [REI]  - (-100.00) DefaultPlugin of DefaultPlugin [roughlyenoughitems]
[21:50:20] [REI-ReloadPlugins/INFO] (REI) [REI]  - (0.00) FabricFluidAPISupportPlugin
[21:50:20] [REI-ReloadPlugins/INFO] (REI) [REI]  - (0.00) DefaultRuntimePlugin of DefaultRuntimePlugin [roughlyenoughitems]
[21:50:20] [REI-ReloadPlugins/INFO] (REI) [REI] ****************************************
[21:50:20] [REI-ReloadPlugins/INFO] (REI) [REI] REIPlugin finished post-reload for END in 390.2 μs, totaling 18.37 ms.
[21:50:20] [REI-ReloadPlugins/INFO] (REI) [REI] REIClientPlugin finished post-reload for END in 471.9 μs, totaling 332.1 ms.
[21:50:20] [REI-ReloadPlugins/INFO] (REI) [REI] REIServerPlugin finished post-reload for END in 180.1 μs, totaling 8.447 ms.
[21:50:20] [Server thread/INFO] (Minecraft) Saving and pausing game...
[21:50:20] [Server thread/INFO] (Minecraft) Saving chunks for level 'ServerLevel[New World]'/minecraft:overworld
[21:50:20] [Server thread/INFO] (Minecraft) Saving chunks for level 'ServerLevel[New World]'/minecraft:the_end
[21:50:20] [Server thread/INFO] (Minecraft) Saving chunks for level 'ServerLevel[New World]'/minecraft:the_nether
[21:54:35] [Render thread/INFO] (Minecraft) Stopping!
[21:54:35] [Server thread/INFO] (Minecraft) Player773 lost connection: Disconnected
[21:54:35] [Server thread/INFO] (Minecraft) Player773 left the game
[21:54:35] [Server thread/INFO] (Minecraft) Stopping singleplayer server as player logged out
[21:54:35] [Server thread/INFO] (Minecraft) Stopping server
[21:54:35] [Server thread/INFO] (Minecraft) Saving players
[21:54:35] [Server thread/INFO] (Minecraft) Saving worlds
[21:54:35] [Server thread/INFO] (Minecraft) Saving chunks for level 'ServerLevel[New World]'/minecraft:overworld
[21:54:36] [Server thread/INFO] (Minecraft) Saving chunks for level 'ServerLevel[New World]'/minecraft:the_end
[21:54:36] [Server thread/INFO] (Minecraft) Saving chunks for level 'ServerLevel[New World]'/minecraft:the_nether
[21:54:36] [Server thread/INFO] (Minecraft) ThreadedAnvilChunkStorage (New World (1)): All chunks are saved
[21:54:36] [Server thread/INFO] (Minecraft) ThreadedAnvilChunkStorage (DIM1): All chunks are saved
[21:54:36] [Server thread/INFO] (Minecraft) ThreadedAnvilChunkStorage (DIM-1): All chunks are saved
[21:54:36] [Server thread/INFO] (Minecraft) ThreadedAnvilChunkStorage: All dimensions are saved
